Reading netlist file: "C:\GowinProjects\CourseWork\receiver\impl\gwsynthesis\receiver.vg"
Parsing netlist file "C:\GowinProjects\CourseWork\receiver\impl\gwsynthesis\receiver.vg" completed
Processing netlist completed
Reading constraint file: "C:\GowinProjects\CourseWork\receiver\src\receiver.cst"
Physical Constraint parsed completed
Running placement......
[10%] Placement Phase 0 completed
[20%] Placement Phase 1 completed
[30%] Placement Phase 2 completed
[50%] Placement Phase 3 completed
Running routing......
[60%] Routing Phase 0 completed
[70%] Routing Phase 1 completed
[80%] Routing Phase 2 completed
[90%] Routing Phase 3 completed
Running timing analysis......
[95%] Timing analysis completed
Placement and routing completed
Bitstream generation in progress......
Bitstream generation completed
Running power analysis......
[100%] Power analysis completed
Generate file "C:\GowinProjects\CourseWork\receiver\impl\pnr\receiver.power.html" completed
Generate file "C:\GowinProjects\CourseWork\receiver\impl\pnr\receiver.pin.html" completed
Generate file "C:\GowinProjects\CourseWork\receiver\impl\pnr\receiver.rpt.html" completed
Generate file "C:\GowinProjects\CourseWork\receiver\impl\pnr\receiver.rpt.txt" completed
Generate file "C:\GowinProjects\CourseWork\receiver\impl\pnr\receiver.tr.html" completed
Mon Dec 16 18:39:01 2024

