Reading netlist file: "C:\GowinProjects\CourseWork\transmitter\impl\gwsynthesis\transmitter.vg"
Parsing netlist file "C:\GowinProjects\CourseWork\transmitter\impl\gwsynthesis\transmitter.vg" completed
Processing netlist completed
Reading constraint file: "C:\GowinProjects\CourseWork\transmitter\src\transmitter.cst"
Physical Constraint parsed completed
Running placement......
[10%] Placement Phase 0 completed
[20%] Placement Phase 1 completed
[30%] Placement Phase 2 completed
[50%] Placement Phase 3 completed
Running routing......
[60%] Routing Phase 0 completed
[70%] Routing Phase 1 completed
[80%] Routing Phase 2 completed
[90%] Routing Phase 3 completed
Running timing analysis......
[95%] Timing analysis completed
Placement and routing completed
Bitstream generation in progress......
Bitstream generation completed
Running power analysis......
[100%] Power analysis completed
Generate file "C:\GowinProjects\CourseWork\transmitter\impl\pnr\transmitter.power.html" completed
Generate file "C:\GowinProjects\CourseWork\transmitter\impl\pnr\transmitter.pin.html" completed
Generate file "C:\GowinProjects\CourseWork\transmitter\impl\pnr\transmitter.rpt.html" completed
Generate file "C:\GowinProjects\CourseWork\transmitter\impl\pnr\transmitter.rpt.txt" completed
Generate file "C:\GowinProjects\CourseWork\transmitter\impl\pnr\transmitter.tr.html" completed
Mon Dec 16 19:57:08 2024

